C:\BIGDEV\L5P1\DEBUG\BOOLWRAPPER.OBJ
C:\BIGDEV\L5P1\DEBUG\CHARWRAPPER.OBJ
C:\BigDev\L5P1\Debug\cl.command.1.tlog
C:\BigDev\L5P1\Debug\CL.read.1.tlog
C:\BigDev\L5P1\Debug\CL.write.1.tlog
C:\BIGDEV\L5P1\DEBUG\DRIVER.OBJ
C:\BIGDEV\L5P1\DEBUG\FILEBASE.OBJ
C:\BIGDEV\L5P1\DEBUG\FLOATWRAPPER.OBJ
C:\BIGDEV\L5P1\DEBUG\INTWRAPPER.OBJ
C:\BIGDEV\L5P1\DEBUG\L5P1.EXE
C:\BIGDEV\L5P1\DEBUG\L5P1.EXE.EMBED.MANIFEST
C:\BIGDEV\L5P1\DEBUG\L5P1.EXE.EMBED.MANIFEST.RES
C:\BIGDEV\L5P1\DEBUG\L5P1.EXE.INTERMEDIATE.MANIFEST
C:\BIGDEV\L5P1\DEBUG\L5P1.ILK
C:\BIGDEV\L5P1\DEBUG\L5P1.PDB
C:\BigDev\L5P1\Debug\L5P1_manifest.rc
C:\BigDev\L5P1\Debug\link.1016.read.1.tlog
C:\BigDev\L5P1\Debug\link.1016.write.1.tlog
C:\BigDev\L5P1\Debug\link.1016-cvtres.read.1.tlog
C:\BigDev\L5P1\Debug\link.1016-cvtres.write.1.tlog
C:\BigDev\L5P1\Debug\link.command.1.tlog
C:\BigDev\L5P1\Debug\link.read.1.tlog
C:\BigDev\L5P1\Debug\link.write.1.tlog
C:\BigDev\L5P1\Debug\link-cvtres.read.1.tlog
C:\BigDev\L5P1\Debug\link-cvtres.write.1.tlog
C:\BIGDEV\L5P1\DEBUG\LONGWRAPPER.OBJ
C:\BigDev\L5P1\Debug\mt.command.1.tlog
C:\BigDev\L5P1\Debug\mt.read.1.tlog
C:\BigDev\L5P1\Debug\mt.write.1.tlog
C:\BigDev\L5P1\Debug\rc.command.1.tlog
C:\BigDev\L5P1\Debug\rc.read.1.tlog
C:\BigDev\L5P1\Debug\rc.write.1.tlog
C:\BIGDEV\L5P1\DEBUG\TEXT.OBJ
C:\BigDev\L5P1\Debug\vc100.idb
C:\BIGDEV\L5P1\DEBUG\VC100.PDB
